 
****************************************
Report : timing
        -path full
        -delay max
        -max_paths 1
Design : CONV
Version: Q-2019.12
Date   : Fri Mar  1 14:57:05 2024
****************************************

Operating Conditions: slow   Library: slow
Wire Load Model Mode: top

  Startpoint: cdata_rd[15]
              (input port clocked by clk)
  Endpoint: write_reg_reg[25]
            (rising edge-triggered flip-flop clocked by clk)
  Path Group: clk
  Path Type: max

  Des/Clust/Port     Wire Load Model       Library
  ------------------------------------------------
  CONV               tsmc13_wl10           slow

  Point                                    Incr       Path
  -----------------------------------------------------------
  clock clk (rise edge)                    0.00       0.00
  clock network delay (ideal)              0.50       0.50
  input external delay                     5.00       5.50 r
  cdata_rd[15] (in)                        0.04       5.54 r
  U874/Y (INVX4)                           0.08       5.61 f
  U863/Y (NOR2X4)                          0.18       5.79 r
  U1837/Y (OAI21X2)                        0.13       5.92 f
  U1252/Y (AOI21X2)                        0.23       6.15 r
  U1450/Y (NAND3X6)                        0.14       6.28 f
  U1139/Y (NAND2X6)                        0.09       6.38 r
  U1747/Y (NAND2X8)                        0.11       6.49 f
  U1238/Y (NAND2X6)                        0.09       6.57 r
  U830/Y (NAND2X6)                         0.09       6.66 f
  U2479/Y (BUFX20)                         0.18       6.84 f
  U2530/Y (AO22X1)                         0.33       7.17 f
  write_reg_reg[25]/D (DFFRX1)             0.00       7.17 f
  data arrival time                                   7.17

  clock clk (rise edge)                    7.00       7.00
  clock network delay (ideal)              0.50       7.50
  clock uncertainty                       -0.10       7.40
  write_reg_reg[25]/CK (DFFRX1)            0.00       7.40 r
  library setup time                      -0.23       7.17
  data required time                                  7.17
  -----------------------------------------------------------
  data required time                                  7.17
  data arrival time                                  -7.17
  -----------------------------------------------------------
  slack (MET)                                         0.00


1
